<?xml version="1.0" encoding="UTF-8"?>
<!-- Generated by org.testng.reporters.JUnitReportReporter -->
<testsuite hostname="pro-Vasudevan" failures="0" tests="6" name="SparkReport.Utility" time="28.740" errors="0" timestamp="2022-07-29T12:47:05 IST" skipped="0">
  <testcase classname="SparkReport.Utility" name="Homepage" time="4.521"/>
  <system-out/>
  <testcase classname="SparkReport.Utility" name="loginpage" time="9.599"/>
  <system-out/>
  <testcase classname="SparkReport.Utility" name="forgetpassword" time="7.609"/>
  <system-out/>
  <testcase classname="SparkReport.Utility" name="emailsubmittion" time="2.102"/>
  <system-out/>
  <testcase classname="SparkReport.Utility" name="eye" time="2.870"/>
  <system-out/>
  <testcase classname="SparkReport.Utility" name="hidepassword" time="2.039"/>
  <system-out/>
</testsuite> <!-- SparkReport.Utility -->
