<?xml version="1.0" encoding="UTF-8"?>
<!-- Generated by org.testng.reporters.JUnitReportReporter -->
<testsuite hostname="pro-Vasudevan" failures="0" tests="6" name="SparkReport.Utility" time="17.126" errors="0" timestamp="29 Jul 2022 07:20:09 GMT" skipped="0">
  <testcase classname="SparkReport.Utility" name="Homepage" time="3.321"/>
  <testcase classname="SparkReport.Utility" name="loginpage" time="5.542"/>
  <testcase classname="SparkReport.Utility" name="forgetpassword" time="2.075"/>
  <testcase classname="SparkReport.Utility" name="emailsubmittion" time="2.092"/>
  <testcase classname="SparkReport.Utility" name="eye" time="2.049"/>
  <testcase classname="SparkReport.Utility" name="hidepassword" time="2.047"/>
</testsuite> <!-- SparkReport.Utility -->
